Arguments: 
  C:\Program Files\nodejs\node.exe C:\Users\86130\AppData\Roaming\npm\node_modules\yarn\bin\yarn.js

PATH: 
  C:\Program Files\Common Files\Oracle\Java\javapath;C:\WINDOWS\system32;C:\WINDOWS;C:\WINDOWS\System32\Wbem;C:\WINDOWS\System32\WindowsPowerShell\v1.0\;C:\WINDOWS\System32\OpenSSH\;D:\Program Files\Git\cmd;D:\Program Files\MySQL\MySQL Server 8.0\bin;D:\Program Files\Go\bin;C:\Program Files\nodejs\;D:\Program Files\TortoiseGit\bin;D:\Program Files\MySQL\MySQL Shell 8.0\bin\;C:\Users\86130\AppData\Local\Programs\Python\Python311\Scripts\;C:\Users\86130\AppData\Local\Programs\Python\Python311\;C:\Users\86130\AppData\Local\Microsoft\WindowsApps;C:\Users\86130\AppData\Local\Programs\Microsoft VS Code\bin;D:\Program Files\Java\jdk-15.0.1\bin;D:\maven\apache-maven-3.8.6\bin;D:\Program Files\mysql-8.0.30-winx64\bin;D:\Program Files\JetBrains\PyCharm Community Edition 2022.2.3\bin;C:\Users\86130\AppData\Local\Programs\Python\Python38;C:\Users\86130\go\bin;C:\Users\86130\AppData\Roaming\npm

Yarn version: 
  1.22.19

Node version: 
  20.10.0

Platform: 
  win32 x64

Trace: 
  Error: EPERM: operation not permitted, unlink 'D:\webdesign\vite-vue-menus\node_modules\@esbuild\win32-x64\esbuild.exe'

npm manifest: 
  {
    "name": "vite1",
    "version": "0.0.0",
    "scripts": {
      "dev": "vite --open",
      "build": "vite build",
      "preview": "vite preview"
    },
    "dependencies": {
      "axios": "^1.6.5",
      "element-plus": "^2.2.16",
      "jquery": "^3.6.1",
      "js-md5": "^0.7.3",
      "less": "^4.1.3",
      "pinia": "^2.0.21",
      "vue": "^3.4.8",
      "vue-router": "^4.1.15"
    },
    "devDependencies": {
      "@vitejs/plugin-vue": "^5.0.3",
      "vite": "^5.0.11"
    }
  }

yarn manifest: 
  No manifest

Lockfile: 
  No lockfile
